Copyright 1986-2022 Xilinx, Inc. All Rights Reserved. Copyright 2022-2023 Advanced Micro Devices, Inc. All Rights Reserved.
---------------------------------------------------------------------------------------------------------------------------------------------
| Tool Version : Vivado v.2023.1.1 (lin64) Build 3900603 Fri Jun 16 19:30:25 MDT 2023
| Date         : Fri Oct  6 15:27:19 2023
| Host         : Mikkel-laptop running 64-bit Debian GNU/Linux 12 (bookworm)
| Command      : report_control_sets -verbose -file Teset_Harness_control_sets_placed.rpt
| Design       : Teset_Harness
| Device       : xc7a35t
---------------------------------------------------------------------------------------------------------------------------------------------

Control Set Information

Table of Contents
-----------------
1. Summary
2. Histogram
3. Flip-Flop Distribution
4. Detailed Control Set Information

1. Summary
----------

+----------------------------------------------------------+-------+
|                          Status                          | Count |
+----------------------------------------------------------+-------+
| Total control sets                                       |     4 |
|    Minimum number of control sets                        |     4 |
|    Addition due to synthesis replication                 |     0 |
|    Addition due to physical synthesis replication        |     0 |
| Unused register locations in slices containing registers |    17 |
+----------------------------------------------------------+-------+
* Control sets can be merged at opt_design using control_set_merge or merge_equivalent_drivers
** Run report_qor_suggestions for automated merging and remapping suggestions


2. Histogram
------------

+--------------------+-------+
|       Fanout       | Count |
+--------------------+-------+
| Total control sets |     4 |
| >= 0 to < 4        |     1 |
| >= 4 to < 6        |     1 |
| >= 6 to < 8        |     1 |
| >= 8 to < 10       |     0 |
| >= 10 to < 12      |     1 |
| >= 12 to < 14      |     0 |
| >= 14 to < 16      |     0 |
| >= 16              |     0 |
+--------------------+-------+
* Control sets can be remapped at either synth_design or opt_design


3. Flip-Flop Distribution
-------------------------

+--------------+-----------------------+------------------------+-----------------+--------------+
| Clock Enable | Synchronous Set/Reset | Asynchronous Set/Reset | Total Registers | Total Slices |
+--------------+-----------------------+------------------------+-----------------+--------------+
| No           | No                    | No                     |              10 |            4 |
| No           | No                    | Yes                    |               0 |            0 |
| No           | Yes                   | No                     |               5 |            1 |
| Yes          | No                    | No                     |               8 |            5 |
| Yes          | No                    | Yes                    |               0 |            0 |
| Yes          | Yes                   | No                     |               0 |            0 |
+--------------+-----------------------+------------------------+-----------------+--------------+


4. Detailed Control Set Information
-----------------------------------

+--------------------+----------------------+----------------------+------------------+----------------+--------------+
|    Clock Signal    |     Enable Signal    |   Set/Reset Signal   | Slice Load Count | Bel Load Count | Bels / Slice |
+--------------------+----------------------+----------------------+------------------+----------------+--------------+
|  clk_out_OBUF_BUFG | I2C_Master/busy6_out |                      |                1 |              1 |         1.00 |
|  clk_out_OBUF_BUFG |                      | I2C_Master/count_n_0 |                1 |              5 |         5.00 |
|  clk_out_OBUF_BUFG | I2C_Master/busy1     |                      |                4 |              7 |         1.75 |
|  clk_out_OBUF_BUFG |                      |                      |                4 |             10 |         2.50 |
+--------------------+----------------------+----------------------+------------------+----------------+--------------+


