Copyright 1986-2022 Xilinx, Inc. All Rights Reserved. Copyright 2022-2023 Advanced Micro Devices, Inc. All Rights Reserved.
---------------------------------------------------------------------------------------------------------------------------------------------
| Tool Version : Vivado v.2023.1 (lin64) Build 3865809 Sun May  7 15:04:56 MDT 2023
| Date         : Tue Dec  5 11:08:27 2023
| Host         : Lenova running 64-bit Debian GNU/Linux trixie/sid
| Command      : report_drc -file flightController_drc_routed.rpt -pb flightController_drc_routed.pb -rpx flightController_drc_routed.rpx
| Design       : flightController
| Device       : xc7a35tcpg236-1
| Speed File   : -1
| Design State : Fully Routed
---------------------------------------------------------------------------------------------------------------------------------------------

Report DRC

Table of Contents
-----------------
1. REPORT SUMMARY
2. REPORT DETAILS

1. REPORT SUMMARY
-----------------
            Netlist: netlist
          Floorplan: design_1
      Design limits: <entire design considered>
           Ruledeck: default
             Max violations: <unlimited>
             Violations found: 4
+----------+----------+-----------------------------------------------------+------------+
| Rule     | Severity | Description                                         | Violations |
+----------+----------+-----------------------------------------------------+------------+
| CFGBVS-1 | Warning  | Missing CFGBVS and CONFIG_VOLTAGE Design Properties | 1          |
| RPBF-3   | Warning  | IO port buffering is incomplete                     | 3          |
+----------+----------+-----------------------------------------------------+------------+

2. REPORT DETAILS
-----------------
CFGBVS-1#1 Warning
Missing CFGBVS and CONFIG_VOLTAGE Design Properties  
Neither the CFGBVS nor CONFIG_VOLTAGE voltage property is set in the current_design.  Configuration bank voltage select (CFGBVS) must be set to VCCO or GND, and CONFIG_VOLTAGE must be set to the correct configuration voltage, in order to determine the I/O voltage support for the pins in bank 0.  It is suggested to specify these either using the 'Edit Device Properties' function in the GUI or directly in the XDC file using the following syntax:

 set_property CFGBVS value1 [current_design]
 #where value1 is either VCCO or GND

 set_property CONFIG_VOLTAGE value2 [current_design]
 #where value2 is the voltage provided to configuration bank 0

Refer to the device configuration user guide for more information.
Related violations: <none>

RPBF-3#1 Warning
IO port buffering is incomplete  
Device port scl_sensor expects both input and output buffering but the buffers are incomplete.
Related violations: <none>

RPBF-3#2 Warning
IO port buffering is incomplete  
Device port scl_slave expects both input and output buffering but the buffers are incomplete.
Related violations: <none>

RPBF-3#3 Warning
IO port buffering is incomplete  
Device port sda_sensor expects both input and output buffering but the buffers are incomplete.
Related violations: <none>


