<<<<<<<< HEAD:I2C_Master/project_1/project_1.runs/synth_1/Teset_Harness_utilization_synth.rpt
Copyright 1986-2022 Xilinx, Inc. All Rights Reserved. Copyright 2022-2023 Advanced Micro Devices, Inc. All Rights Reserved.
---------------------------------------------------------------------------------------------------------------------------------------------
| Tool Version : Vivado v.2023.1 (lin64) Build 3865809 Sun May  7 15:04:56 MDT 2023
| Date         : Mon Nov 13 13:42:33 2023
| Host         : Lenova running 64-bit Debian GNU/Linux trixie/sid
| Command      : report_utilization -file Teset_Harness_utilization_synth.rpt -pb Teset_Harness_utilization_synth.pb
| Design       : Teset_Harness
========
Copyright 1986-2022 Xilinx, Inc. All Rights Reserved.
-------------------------------------------------------------------------------------------------------------
| Tool Version : Vivado v.2022.2 (win64) Build 3671981 Fri Oct 14 05:00:03 MDT 2022
| Date         : Mon May  8 08:40:42 2023
| Host         : LAPTOP-U9E9QN8R running 64-bit major release  (build 9200)
| Command      : report_utilization -file Addition2_utilization_synth.rpt -pb Addition2_utilization_synth.pb
| Design       : Addition2
>>>>>>>> 865721b5655ef875a5c96a164085ad081e8cc0de:Floating-Point-Unit/Floating Point Unit/Addition/Addition.runs/synth_1/Addition2_utilization_synth.rpt
| Device       : xc7a35tcpg236-1
| Speed File   : -1
| Design State : Synthesized
-------------------------------------------------------------------------------------------------------------

Utilization Design Information

Table of Contents
-----------------
1. Slice Logic
1.1 Summary of Registers by Type
2. Memory
3. DSP
4. IO and GT Specific
5. Clocking
6. Specific Feature
7. Primitives
8. Black Boxes
9. Instantiated Netlists

1. Slice Logic
--------------

+-------------------------+------+-------+------------+-----------+-------+
|        Site Type        | Used | Fixed | Prohibited | Available | Util% |
+-------------------------+------+-------+------------+-----------+-------+
<<<<<<<< HEAD:I2C_Master/project_1/project_1.runs/synth_1/Teset_Harness_utilization_synth.rpt
| Slice LUTs*             |   41 |     0 |          0 |     20800 |  0.20 |
|   LUT as Logic          |   41 |     0 |          0 |     20800 |  0.20 |
========
| Slice LUTs*             |  633 |     0 |          0 |     20800 |  3.04 |
|   LUT as Logic          |  633 |     0 |          0 |     20800 |  3.04 |
>>>>>>>> 865721b5655ef875a5c96a164085ad081e8cc0de:Floating-Point-Unit/Floating Point Unit/Addition/Addition.runs/synth_1/Addition2_utilization_synth.rpt
|   LUT as Memory         |    0 |     0 |          0 |      9600 |  0.00 |
| Slice Registers         |   27 |     0 |          0 |     41600 |  0.06 |
|   Register as Flip Flop |   27 |     0 |          0 |     41600 |  0.06 |
|   Register as Latch     |    0 |     0 |          0 |     41600 |  0.00 |
| F7 Muxes                |    0 |     0 |          0 |     16300 |  0.00 |
| F8 Muxes                |    0 |     0 |          0 |      8150 |  0.00 |
+-------------------------+------+-------+------------+-----------+-------+
* Warning! The Final LUT count, after physical optimizations and full implementation, is typically lower. Run opt_design after synthesis, if not already completed, for a more realistic count.
Warning! LUT value is adjusted to account for LUT combining.


1.1 Summary of Registers by Type
--------------------------------

+-------+--------------+-------------+--------------+
| Total | Clock Enable | Synchronous | Asynchronous |
+-------+--------------+-------------+--------------+
| 0     |            _ |           - |            - |
| 0     |            _ |           - |          Set |
| 0     |            _ |           - |        Reset |
| 0     |            _ |         Set |            - |
| 0     |            _ |       Reset |            - |
| 0     |          Yes |           - |            - |
| 0     |          Yes |           - |          Set |
| 0     |          Yes |           - |        Reset |
| 0     |          Yes |         Set |            - |
| 27    |          Yes |       Reset |            - |
+-------+--------------+-------------+--------------+


2. Memory
---------

+----------------+------+-------+------------+-----------+-------+
|    Site Type   | Used | Fixed | Prohibited | Available | Util% |
+----------------+------+-------+------------+-----------+-------+
| Block RAM Tile |    0 |     0 |          0 |        50 |  0.00 |
|   RAMB36/FIFO* |    0 |     0 |          0 |        50 |  0.00 |
|   RAMB18       |    0 |     0 |          0 |       100 |  0.00 |
+----------------+------+-------+------------+-----------+-------+
* Note: Each Block RAM Tile only has one FIFO logic available and therefore can accommodate only one FIFO36E1 or one FIFO18E1. However, if a FIFO18E1 occupies a Block RAM Tile, that tile can still accommodate a RAMB18E1


3. DSP
------

+-----------+------+-------+------------+-----------+-------+
| Site Type | Used | Fixed | Prohibited | Available | Util% |
+-----------+------+-------+------------+-----------+-------+
| DSPs      |    0 |     0 |          0 |        90 |  0.00 |
+-----------+------+-------+------------+-----------+-------+


4. IO and GT Specific
---------------------

+-----------------------------+------+-------+------------+-----------+-------+
|          Site Type          | Used | Fixed | Prohibited | Available | Util% |
+-----------------------------+------+-------+------------+-----------+-------+
<<<<<<<< HEAD:I2C_Master/project_1/project_1.runs/synth_1/Teset_Harness_utilization_synth.rpt
| Bonded IOB                  |    7 |     0 |          0 |       106 |  6.60 |
========
| Bonded IOB                  |   97 |     0 |          0 |       106 | 91.51 |
>>>>>>>> 865721b5655ef875a5c96a164085ad081e8cc0de:Floating-Point-Unit/Floating Point Unit/Addition/Addition.runs/synth_1/Addition2_utilization_synth.rpt
| Bonded IPADs                |    0 |     0 |          0 |        10 |  0.00 |
| Bonded OPADs                |    0 |     0 |          0 |         4 |  0.00 |
| PHY_CONTROL                 |    0 |     0 |          0 |         5 |  0.00 |
| PHASER_REF                  |    0 |     0 |          0 |         5 |  0.00 |
| OUT_FIFO                    |    0 |     0 |          0 |        20 |  0.00 |
| IN_FIFO                     |    0 |     0 |          0 |        20 |  0.00 |
| IDELAYCTRL                  |    0 |     0 |          0 |         5 |  0.00 |
| IBUFDS                      |    0 |     0 |          0 |       104 |  0.00 |
| GTPE2_CHANNEL               |    0 |     0 |          0 |         2 |  0.00 |
| PHASER_OUT/PHASER_OUT_PHY   |    0 |     0 |          0 |        20 |  0.00 |
| PHASER_IN/PHASER_IN_PHY     |    0 |     0 |          0 |        20 |  0.00 |
| IDELAYE2/IDELAYE2_FINEDELAY |    0 |     0 |          0 |       250 |  0.00 |
| IBUFDS_GTE2                 |    0 |     0 |          0 |         2 |  0.00 |
| ILOGIC                      |    0 |     0 |          0 |       106 |  0.00 |
| OLOGIC                      |    0 |     0 |          0 |       106 |  0.00 |
+-----------------------------+------+-------+------------+-----------+-------+


5. Clocking
-----------

+------------+------+-------+------------+-----------+-------+
|  Site Type | Used | Fixed | Prohibited | Available | Util% |
+------------+------+-------+------------+-----------+-------+
| BUFGCTRL   |    1 |     0 |          0 |        32 |  3.13 |
| BUFIO      |    0 |     0 |          0 |        20 |  0.00 |
| MMCME2_ADV |    0 |     0 |          0 |         5 |  0.00 |
| PLLE2_ADV  |    0 |     0 |          0 |         5 |  0.00 |
| BUFMRCE    |    0 |     0 |          0 |        10 |  0.00 |
| BUFHCE     |    0 |     0 |          0 |        72 |  0.00 |
| BUFR       |    0 |     0 |          0 |        20 |  0.00 |
+------------+------+-------+------------+-----------+-------+


6. Specific Feature
-------------------

+-------------+------+-------+------------+-----------+-------+
|  Site Type  | Used | Fixed | Prohibited | Available | Util% |
+-------------+------+-------+------------+-----------+-------+
| BSCANE2     |    0 |     0 |          0 |         4 |  0.00 |
| CAPTUREE2   |    0 |     0 |          0 |         1 |  0.00 |
| DNA_PORT    |    0 |     0 |          0 |         1 |  0.00 |
| EFUSE_USR   |    0 |     0 |          0 |         1 |  0.00 |
| FRAME_ECCE2 |    0 |     0 |          0 |         1 |  0.00 |
| ICAPE2      |    0 |     0 |          0 |         2 |  0.00 |
| PCIE_2_1    |    0 |     0 |          0 |         1 |  0.00 |
| STARTUPE2   |    0 |     0 |          0 |         1 |  0.00 |
| XADC        |    0 |     0 |          0 |         1 |  0.00 |
+-------------+------+-------+------------+-----------+-------+


7. Primitives
-------------

+----------+------+---------------------+
| Ref Name | Used | Functional Category |
+----------+------+---------------------+
<<<<<<<< HEAD:I2C_Master/project_1/project_1.runs/synth_1/Teset_Harness_utilization_synth.rpt
| FDRE     |   27 |        Flop & Latch |
| LUT6     |   19 |                 LUT |
| LUT5     |   12 |                 LUT |
| LUT4     |    7 |                 LUT |
| LUT3     |    5 |                 LUT |
| LUT2     |    5 |                 LUT |
| IBUF     |    4 |                  IO |
| OBUF     |    3 |                  IO |
| OBUFT    |    2 |                  IO |
| LUT1     |    2 |                 LUT |
| BUFG     |    1 |               Clock |
========
| LUT6     |  317 |                 LUT |
| LUT4     |  171 |                 LUT |
| LUT2     |  117 |                 LUT |
| LUT5     |   97 |                 LUT |
| IBUF     |   65 |                  IO |
| CARRY4   |   44 |          CarryLogic |
| OBUF     |   32 |                  IO |
| LUT3     |   15 |                 LUT |
>>>>>>>> 865721b5655ef875a5c96a164085ad081e8cc0de:Floating-Point-Unit/Floating Point Unit/Addition/Addition.runs/synth_1/Addition2_utilization_synth.rpt
+----------+------+---------------------+


8. Black Boxes
--------------

+----------+------+
| Ref Name | Used |
+----------+------+


9. Instantiated Netlists
------------------------

+----------+------+
| Ref Name | Used |
+----------+------+


