Copyright 1986-2022 Xilinx, Inc. All Rights Reserved. Copyright 2022-2023 Advanced Micro Devices, Inc. All Rights Reserved.
---------------------------------------------------------------------------------------------------------------------------------------------
| Tool Version : Vivado v.2023.1.1 (lin64) Build 3900603 Fri Jun 16 19:30:25 MDT 2023
| Date         : Fri Dec  1 09:48:00 2023
| Host         : Mikkel-laptop running 64-bit Debian GNU/Linux 12 (bookworm)
| Command      : report_utilization -file PID_utilization_synth.rpt -pb PID_utilization_synth.pb
| Design       : PID
| Device       : xc7a35tcpg236-1
| Speed File   : -1
| Design State : Synthesized
---------------------------------------------------------------------------------------------------------------------------------------------

Utilization Design Information

Table of Contents
-----------------
1. Slice Logic
1.1 Summary of Registers by Type
2. Memory
3. DSP
4. IO and GT Specific
5. Clocking
6. Specific Feature
7. Primitives
8. Black Boxes
9. Instantiated Netlists

1. Slice Logic
--------------

+-------------------------+-------+-------+------------+-----------+--------+
|        Site Type        |  Used | Fixed | Prohibited | Available |  Util% |
+-------------------------+-------+-------+------------+-----------+--------+
| Slice LUTs*             | 42212 |     0 |          0 |     20800 | 202.94 |
|   LUT as Logic          | 42212 |     0 |          0 |     20800 | 202.94 |
|   LUT as Memory         |     0 |     0 |          0 |      9600 |   0.00 |
| Slice Registers         |   908 |     0 |          0 |     41600 |   2.18 |
|   Register as Flip Flop |   908 |     0 |          0 |     41600 |   2.18 |
|   Register as Latch     |     0 |     0 |          0 |     41600 |   0.00 |
| F7 Muxes                |    72 |     0 |          0 |     16300 |   0.44 |
| F8 Muxes                |     8 |     0 |          0 |      8150 |   0.10 |
+-------------------------+-------+-------+------------+-----------+--------+
* Warning! The Final LUT count, after physical optimizations and full implementation, is typically lower. Run opt_design after synthesis, if not already completed, for a more realistic count.
Warning! LUT value is adjusted to account for LUT combining.


1.1 Summary of Registers by Type
--------------------------------

+-------+--------------+-------------+--------------+
| Total | Clock Enable | Synchronous | Asynchronous |
+-------+--------------+-------------+--------------+
| 0     |            _ |           - |            - |
| 0     |            _ |           - |          Set |
| 0     |            _ |           - |        Reset |
| 0     |            _ |         Set |            - |
| 0     |            _ |       Reset |            - |
| 0     |          Yes |           - |            - |
| 0     |          Yes |           - |          Set |
| 0     |          Yes |           - |        Reset |
| 128   |          Yes |         Set |            - |
| 780   |          Yes |       Reset |            - |
+-------+--------------+-------------+--------------+


2. Memory
---------

+----------------+------+-------+------------+-----------+-------+
|    Site Type   | Used | Fixed | Prohibited | Available | Util% |
+----------------+------+-------+------------+-----------+-------+
| Block RAM Tile |    0 |     0 |          0 |        50 |  0.00 |
|   RAMB36/FIFO* |    0 |     0 |          0 |        50 |  0.00 |
|   RAMB18       |    0 |     0 |          0 |       100 |  0.00 |
+----------------+------+-------+------------+-----------+-------+
* Note: Each Block RAM Tile only has one FIFO logic available and therefore can accommodate only one FIFO36E1 or one FIFO18E1. However, if a FIFO18E1 occupies a Block RAM Tile, that tile can still accommodate a RAMB18E1


3. DSP
------

+----------------+------+-------+------------+-----------+-------+
|    Site Type   | Used | Fixed | Prohibited | Available | Util% |
+----------------+------+-------+------------+-----------+-------+
| DSPs           |   24 |     0 |          0 |        90 | 26.67 |
|   DSP48E1 only |   24 |       |            |           |       |
+----------------+------+-------+------------+-----------+-------+


4. IO and GT Specific
---------------------

+-----------------------------+------+-------+------------+-----------+--------+
|          Site Type          | Used | Fixed | Prohibited | Available |  Util% |
+-----------------------------+------+-------+------------+-----------+--------+
| Bonded IOB                  |  769 |     0 |          0 |       106 | 725.47 |
| Bonded IPADs                |    0 |     0 |          0 |        10 |   0.00 |
| Bonded OPADs                |    0 |     0 |          0 |         4 |   0.00 |
| PHY_CONTROL                 |    0 |     0 |          0 |         5 |   0.00 |
| PHASER_REF                  |    0 |     0 |          0 |         5 |   0.00 |
| OUT_FIFO                    |    0 |     0 |          0 |        20 |   0.00 |
| IN_FIFO                     |    0 |     0 |          0 |        20 |   0.00 |
| IDELAYCTRL                  |    0 |     0 |          0 |         5 |   0.00 |
| IBUFDS                      |    0 |     0 |          0 |       104 |   0.00 |
| GTPE2_CHANNEL               |    0 |     0 |          0 |         2 |   0.00 |
| PHASER_OUT/PHASER_OUT_PHY   |    0 |     0 |          0 |        20 |   0.00 |
| PHASER_IN/PHASER_IN_PHY     |    0 |     0 |          0 |        20 |   0.00 |
| IDELAYE2/IDELAYE2_FINEDELAY |    0 |     0 |          0 |       250 |   0.00 |
| IBUFDS_GTE2                 |    0 |     0 |          0 |         2 |   0.00 |
| ILOGIC                      |    0 |     0 |          0 |       106 |   0.00 |
| OLOGIC                      |    0 |     0 |          0 |       106 |   0.00 |
+-----------------------------+------+-------+------------+-----------+--------+


5. Clocking
-----------

+------------+------+-------+------------+-----------+-------+
|  Site Type | Used | Fixed | Prohibited | Available | Util% |
+------------+------+-------+------------+-----------+-------+
| BUFGCTRL   |    1 |     0 |          0 |        32 |  3.13 |
| BUFIO      |    0 |     0 |          0 |        20 |  0.00 |
| MMCME2_ADV |    0 |     0 |          0 |         5 |  0.00 |
| PLLE2_ADV  |    0 |     0 |          0 |         5 |  0.00 |
| BUFMRCE    |    0 |     0 |          0 |        10 |  0.00 |
| BUFHCE     |    0 |     0 |          0 |        72 |  0.00 |
| BUFR       |    0 |     0 |          0 |        20 |  0.00 |
+------------+------+-------+------------+-----------+-------+


6. Specific Feature
-------------------

+-------------+------+-------+------------+-----------+-------+
|  Site Type  | Used | Fixed | Prohibited | Available | Util% |
+-------------+------+-------+------------+-----------+-------+
| BSCANE2     |    0 |     0 |          0 |         4 |  0.00 |
| CAPTUREE2   |    0 |     0 |          0 |         1 |  0.00 |
| DNA_PORT    |    0 |     0 |          0 |         1 |  0.00 |
| EFUSE_USR   |    0 |     0 |          0 |         1 |  0.00 |
| FRAME_ECCE2 |    0 |     0 |          0 |         1 |  0.00 |
| ICAPE2      |    0 |     0 |          0 |         2 |  0.00 |
| PCIE_2_1    |    0 |     0 |          0 |         1 |  0.00 |
| STARTUPE2   |    0 |     0 |          0 |         1 |  0.00 |
| XADC        |    0 |     0 |          0 |         1 |  0.00 |
+-------------+------+-------+------------+-----------+-------+


7. Primitives
-------------

+----------+-------+---------------------+
| Ref Name |  Used | Functional Category |
+----------+-------+---------------------+
| LUT6     | 19724 |                 LUT |
| LUT5     | 14092 |                 LUT |
| LUT4     |  8708 |                 LUT |
| LUT2     |  7460 |                 LUT |
| CARRY4   |  4552 |          CarryLogic |
| LUT3     |  3216 |                 LUT |
| LUT1     |  2112 |                 LUT |
| FDRE     |   780 |        Flop & Latch |
| IBUF     |   641 |                  IO |
| OBUF     |   128 |                  IO |
| FDSE     |   128 |        Flop & Latch |
| MUXF7    |    72 |               MuxFx |
| DSP48E1  |    24 |    Block Arithmetic |
| MUXF8    |     8 |               MuxFx |
| BUFG     |     1 |               Clock |
+----------+-------+---------------------+


8. Black Boxes
--------------

+----------+------+
| Ref Name | Used |
+----------+------+


9. Instantiated Netlists
------------------------

+----------+------+
| Ref Name | Used |
+----------+------+


